{"C:\\Users\\User\\Documents\\Documentos\\startDB\\desafio-lanchonete-2023\\src\\caixa-da-lanchonete.js": {"path":"C:\\Users\\User\\Documents\\Documentos\\startDB\\desafio-lanchonete-2023\\src\\caixa-da-lanchonete.js","all":false,"statementMap":{"0":{"start":{"line":1,"column":0},"end":{"line":1,"column":25}},"1":{"start":{"line":2,"column":0},"end":{"line":2,"column":52}},"2":{"start":{"line":3,"column":0},"end":{"line":3,"column":26}},"3":{"start":{"line":4,"column":0},"end":{"line":4,"column":51}},"4":{"start":{"line":5,"column":0},"end":{"line":5,"column":54}},"5":{"start":{"line":6,"column":0},"end":{"line":6,"column":51}},"6":{"start":{"line":7,"column":0},"end":{"line":7,"column":56}},"7":{"start":{"line":8,"column":0},"end":{"line":8,"column":52}},"8":{"start":{"line":9,"column":0},"end":{"line":9,"column":55}},"9":{"start":{"line":10,"column":0},"end":{"line":10,"column":53}},"10":{"start":{"line":11,"column":0},"end":{"line":11,"column":53}},"11":{"start":{"line":12,"column":0},"end":{"line":12,"column":10}},"12":{"start":{"line":13,"column":0},"end":{"line":13,"column":0}},"13":{"start":{"line":14,"column":0},"end":{"line":14,"column":0}},"14":{"start":{"line":15,"column":0},"end":{"line":15,"column":33}},"15":{"start":{"line":16,"column":0},"end":{"line":16,"column":57}},"16":{"start":{"line":17,"column":0},"end":{"line":17,"column":9}},"17":{"start":{"line":18,"column":0},"end":{"line":18,"column":0}},"18":{"start":{"line":19,"column":0},"end":{"line":19,"column":22}},"19":{"start":{"line":20,"column":0},"end":{"line":20,"column":33}},"20":{"start":{"line":21,"column":0},"end":{"line":21,"column":29}},"21":{"start":{"line":22,"column":0},"end":{"line":22,"column":0}},"22":{"start":{"line":23,"column":0},"end":{"line":23,"column":35}},"23":{"start":{"line":24,"column":0},"end":{"line":24,"column":55}},"24":{"start":{"line":25,"column":0},"end":{"line":25,"column":0}},"25":{"start":{"line":26,"column":0},"end":{"line":26,"column":49}},"26":{"start":{"line":27,"column":0},"end":{"line":27,"column":40}},"27":{"start":{"line":28,"column":0},"end":{"line":28,"column":13}},"28":{"start":{"line":29,"column":0},"end":{"line":29,"column":41}},"29":{"start":{"line":30,"column":0},"end":{"line":30,"column":51}},"30":{"start":{"line":31,"column":0},"end":{"line":31,"column":76}},"31":{"start":{"line":32,"column":0},"end":{"line":32,"column":24}},"32":{"start":{"line":33,"column":0},"end":{"line":33,"column":43}},"33":{"start":{"line":34,"column":0},"end":{"line":34,"column":17}},"34":{"start":{"line":35,"column":0},"end":{"line":35,"column":20}},"35":{"start":{"line":36,"column":0},"end":{"line":36,"column":43}},"36":{"start":{"line":37,"column":0},"end":{"line":37,"column":13}},"37":{"start":{"line":38,"column":0},"end":{"line":38,"column":65}},"38":{"start":{"line":39,"column":0},"end":{"line":39,"column":9}},"39":{"start":{"line":40,"column":0},"end":{"line":40,"column":69}},"40":{"start":{"line":41,"column":0},"end":{"line":41,"column":68}},"41":{"start":{"line":42,"column":0},"end":{"line":42,"column":9}},"42":{"start":{"line":43,"column":0},"end":{"line":43,"column":46}},"43":{"start":{"line":44,"column":0},"end":{"line":44,"column":73}},"44":{"start":{"line":45,"column":0},"end":{"line":45,"column":46}},"45":{"start":{"line":46,"column":0},"end":{"line":46,"column":13}},"46":{"start":{"line":47,"column":0},"end":{"line":47,"column":51}},"47":{"start":{"line":48,"column":0},"end":{"line":48,"column":52}},"48":{"start":{"line":49,"column":0},"end":{"line":49,"column":83}},"49":{"start":{"line":50,"column":0},"end":{"line":50,"column":40}},"50":{"start":{"line":51,"column":0},"end":{"line":51,"column":13}},"51":{"start":{"line":52,"column":0},"end":{"line":52,"column":26}},"52":{"start":{"line":53,"column":0},"end":{"line":53,"column":51}},"53":{"start":{"line":54,"column":0},"end":{"line":54,"column":83}},"54":{"start":{"line":55,"column":0},"end":{"line":55,"column":40}},"55":{"start":{"line":56,"column":0},"end":{"line":56,"column":13}},"56":{"start":{"line":57,"column":0},"end":{"line":57,"column":53}},"57":{"start":{"line":58,"column":0},"end":{"line":58,"column":16}},"58":{"start":{"line":59,"column":0},"end":{"line":59,"column":50}},"59":{"start":{"line":60,"column":0},"end":{"line":60,"column":9}},"60":{"start":{"line":61,"column":0},"end":{"line":61,"column":58}},"61":{"start":{"line":62,"column":0},"end":{"line":62,"column":5}},"62":{"start":{"line":63,"column":0},"end":{"line":63,"column":1}},"63":{"start":{"line":64,"column":0},"end":{"line":64,"column":0}},"64":{"start":{"line":65,"column":0},"end":{"line":65,"column":29}}},"s":{"0":1,"1":1,"2":19,"3":19,"4":19,"5":19,"6":19,"7":19,"8":19,"9":19,"10":19,"11":19,"12":19,"13":19,"14":19,"15":3,"16":3,"17":16,"18":16,"19":16,"20":16,"21":16,"22":19,"23":27,"24":27,"25":27,"26":2,"27":2,"28":27,"29":9,"30":3,"31":9,"32":6,"33":6,"34":27,"35":16,"36":16,"37":22,"38":22,"39":19,"40":0,"41":0,"42":19,"43":3,"44":1,"45":1,"46":2,"47":19,"48":3,"49":0,"50":0,"51":3,"52":8,"53":4,"54":0,"55":0,"56":4,"57":5,"58":1,"59":1,"60":9,"61":9,"62":1,"63":1,"64":1},"branchMap":{"0":{"type":"branch","line":2,"loc":{"start":{"line":2,"column":4},"end":{"line":62,"column":5}},"locations":[{"start":{"line":2,"column":4},"end":{"line":62,"column":5}}]},"1":{"type":"branch","line":15,"loc":{"start":{"line":15,"column":32},"end":{"line":17,"column":9}},"locations":[{"start":{"line":15,"column":32},"end":{"line":17,"column":9}}]},"2":{"type":"branch","line":17,"loc":{"start":{"line":17,"column":8},"end":{"line":23,"column":34}},"locations":[{"start":{"line":17,"column":8},"end":{"line":23,"column":34}}]},"3":{"type":"branch","line":23,"loc":{"start":{"line":23,"column":34},"end":{"line":39,"column":9}},"locations":[{"start":{"line":23,"column":34},"end":{"line":39,"column":9}}]},"4":{"type":"branch","line":26,"loc":{"start":{"line":26,"column":48},"end":{"line":28,"column":13}},"locations":[{"start":{"line":26,"column":48},"end":{"line":28,"column":13}}]},"5":{"type":"branch","line":28,"loc":{"start":{"line":28,"column":12},"end":{"line":29,"column":40}},"locations":[{"start":{"line":28,"column":12},"end":{"line":29,"column":40}}]},"6":{"type":"branch","line":29,"loc":{"start":{"line":29,"column":40},"end":{"line":35,"column":13}},"locations":[{"start":{"line":29,"column":40},"end":{"line":35,"column":13}}]},"7":{"type":"branch","line":30,"loc":{"start":{"line":30,"column":50},"end":{"line":32,"column":17}},"locations":[{"start":{"line":30,"column":50},"end":{"line":32,"column":17}}]},"8":{"type":"branch","line":32,"loc":{"start":{"line":32,"column":17},"end":{"line":34,"column":17}},"locations":[{"start":{"line":32,"column":17},"end":{"line":34,"column":17}}]},"9":{"type":"branch","line":35,"loc":{"start":{"line":35,"column":13},"end":{"line":37,"column":13}},"locations":[{"start":{"line":35,"column":13},"end":{"line":37,"column":13}}]},"10":{"type":"branch","line":37,"loc":{"start":{"line":37,"column":12},"end":{"line":39,"column":9}},"locations":[{"start":{"line":37,"column":12},"end":{"line":39,"column":9}}]},"11":{"type":"branch","line":39,"loc":{"start":{"line":39,"column":8},"end":{"line":40,"column":38}},"locations":[{"start":{"line":39,"column":8},"end":{"line":40,"column":38}}]},"12":{"type":"branch","line":40,"loc":{"start":{"line":40,"column":34},"end":{"line":40,"column":66}},"locations":[{"start":{"line":40,"column":34},"end":{"line":40,"column":66}}]},"13":{"type":"branch","line":40,"loc":{"start":{"line":40,"column":68},"end":{"line":42,"column":9}},"locations":[{"start":{"line":40,"column":68},"end":{"line":42,"column":9}}]},"14":{"type":"branch","line":42,"loc":{"start":{"line":42,"column":8},"end":{"line":43,"column":45}},"locations":[{"start":{"line":42,"column":8},"end":{"line":43,"column":45}}]},"15":{"type":"branch","line":43,"loc":{"start":{"line":43,"column":45},"end":{"line":48,"column":9}},"locations":[{"start":{"line":43,"column":45},"end":{"line":48,"column":9}}]},"16":{"type":"branch","line":44,"loc":{"start":{"line":44,"column":72},"end":{"line":46,"column":13}},"locations":[{"start":{"line":44,"column":72},"end":{"line":46,"column":13}}]},"17":{"type":"branch","line":46,"loc":{"start":{"line":46,"column":12},"end":{"line":48,"column":9}},"locations":[{"start":{"line":46,"column":12},"end":{"line":48,"column":9}}]},"18":{"type":"branch","line":48,"loc":{"start":{"line":48,"column":9},"end":{"line":60,"column":9}},"locations":[{"start":{"line":48,"column":9},"end":{"line":60,"column":9}}]},"19":{"type":"branch","line":48,"loc":{"start":{"line":48,"column":51},"end":{"line":53,"column":9}},"locations":[{"start":{"line":48,"column":51},"end":{"line":53,"column":9}}]},"20":{"type":"branch","line":49,"loc":{"start":{"line":49,"column":82},"end":{"line":51,"column":13}},"locations":[{"start":{"line":49,"column":82},"end":{"line":51,"column":13}}]},"21":{"type":"branch","line":53,"loc":{"start":{"line":53,"column":9},"end":{"line":60,"column":9}},"locations":[{"start":{"line":53,"column":9},"end":{"line":60,"column":9}}]},"22":{"type":"branch","line":53,"loc":{"start":{"line":53,"column":50},"end":{"line":58,"column":9}},"locations":[{"start":{"line":53,"column":50},"end":{"line":58,"column":9}}]},"23":{"type":"branch","line":54,"loc":{"start":{"line":54,"column":82},"end":{"line":56,"column":13}},"locations":[{"start":{"line":54,"column":82},"end":{"line":56,"column":13}}]},"24":{"type":"branch","line":58,"loc":{"start":{"line":58,"column":9},"end":{"line":60,"column":9}},"locations":[{"start":{"line":58,"column":9},"end":{"line":60,"column":9}}]},"25":{"type":"branch","line":60,"loc":{"start":{"line":60,"column":8},"end":{"line":62,"column":5}},"locations":[{"start":{"line":60,"column":8},"end":{"line":62,"column":5}}]},"26":{"type":"branch","line":44,"loc":{"start":{"line":44,"column":27},"end":{"line":44,"column":69}},"locations":[{"start":{"line":44,"column":27},"end":{"line":44,"column":69}}]},"27":{"type":"branch","line":49,"loc":{"start":{"line":49,"column":27},"end":{"line":49,"column":79}},"locations":[{"start":{"line":49,"column":27},"end":{"line":49,"column":79}}]},"28":{"type":"branch","line":54,"loc":{"start":{"line":54,"column":27},"end":{"line":54,"column":79}},"locations":[{"start":{"line":54,"column":27},"end":{"line":54,"column":79}}]}},"b":{"0":[19],"1":[3],"2":[16],"3":[27],"4":[2],"5":[25],"6":[9],"7":[3],"8":[6],"9":[16],"10":[22],"11":[11],"12":[6],"13":[0],"14":[11],"15":[3],"16":[1],"17":[2],"18":[8],"19":[3],"20":[0],"21":[5],"22":[4],"23":[0],"24":[1],"25":[9],"26":[5],"27":[7],"28":[9]},"fnMap":{"0":{"name":"calcularValorDaCompra","decl":{"start":{"line":2,"column":4},"end":{"line":62,"column":5}},"loc":{"start":{"line":2,"column":4},"end":{"line":62,"column":5}},"line":2}},"f":{"0":19}}
}
