TN:
SF:src\caixa-da-lanchonete.js
FN:2,calcularValorDaCompra
FNF:1
FNH:1
FNDA:19,calcularValorDaCompra
DA:1,1
DA:2,1
DA:3,19
DA:4,19
DA:5,19
DA:6,19
DA:7,19
DA:8,19
DA:9,19
DA:10,19
DA:11,19
DA:12,19
DA:13,19
DA:14,19
DA:15,19
DA:16,3
DA:17,3
DA:18,16
DA:19,16
DA:20,16
DA:21,16
DA:22,16
DA:23,19
DA:24,27
DA:25,27
DA:26,27
DA:27,2
DA:28,2
DA:29,27
DA:30,9
DA:31,3
DA:32,9
DA:33,6
DA:34,6
DA:35,27
DA:36,16
DA:37,16
DA:38,22
DA:39,22
DA:40,19
DA:41,0
DA:42,0
DA:43,19
DA:44,3
DA:45,1
DA:46,1
DA:47,2
DA:48,19
DA:49,3
DA:50,0
DA:51,0
DA:52,3
DA:53,8
DA:54,4
DA:55,0
DA:56,0
DA:57,4
DA:58,5
DA:59,1
DA:60,1
DA:61,9
DA:62,9
DA:63,1
DA:64,1
DA:65,1
LF:65
LH:59
BRDA:2,0,0,19
BRDA:15,1,0,3
BRDA:17,2,0,16
BRDA:23,3,0,27
BRDA:26,4,0,2
BRDA:28,5,0,25
BRDA:29,6,0,9
BRDA:30,7,0,3
BRDA:32,8,0,6
BRDA:35,9,0,16
BRDA:37,10,0,22
BRDA:39,11,0,11
BRDA:40,12,0,6
BRDA:40,13,0,0
BRDA:42,14,0,11
BRDA:43,15,0,3
BRDA:44,16,0,1
BRDA:46,17,0,2
BRDA:48,18,0,8
BRDA:48,19,0,3
BRDA:49,20,0,0
BRDA:53,21,0,5
BRDA:53,22,0,4
BRDA:54,23,0,0
BRDA:58,24,0,1
BRDA:60,25,0,9
BRDA:44,26,0,5
BRDA:49,27,0,7
BRDA:54,28,0,9
BRF:29
BRH:26
end_of_record
